# JRE version: Java(TM) SE Runtime Environment (18.0.2.1+1) (build 18.0.2.1+1-1)
# Java VM: Java HotSpot(TM) 64-Bit Server VM (18.0.2.1+1-1, mixed mode, sharing, tiered, compressed oops, compressed class ptrs, g1 gc, windows-amd64)
GC Precious Log:
 CardTable entry size: 512
 Card Set container configuration: InlinePtr #cards 4 size 8 Array Of Cards #cards 16 size 48 Howl #buckets 8 coarsen threshold 3686 Howl Bitmap #cards 512 size 80 coarsen threshold 460 Card regions per heap region 1 cards per card region 4096
 CPUs: 12 total, 12 available
 Memory: 16117M
 Large Page Support: Disabled
 NUMA Support: Disabled
 Compressed Oops: Enabled (Zero based)
 Heap Region Size: 2M
 Heap Min Capacity: 8M
 Heap Initial Capacity: 252M
 Heap Max Capacity: 4030M
 Pre-touch: Disabled
 Parallel Workers: 10
 Concurrent Workers: 3
 Concurrent Refinement Workers: 10
 Periodic GC: Disabled
Heap:
 garbage-first heap   total 280576K, used 124485K [0x0000000704200000, 0x0000000800000000)
  region size 2048K, 27 young (55296K), 1 survivors (2048K)
 Metaspace       used 86399K, committed 87680K, reserved 1179648K
  class space    used 10790K, committed 11392K, reserved 1048576K
GC Heap History (20 events):
Event: 9788.518 GC heap before
{Heap before GC invocations=129 (full 0):
 garbage-first heap   total 301056K, used 81463K [0x0000000704200000, 0x0000000800000000)
  region size 2048K, 7 young (14336K), 1 survivors (2048K)
 Metaspace       used 77734K, committed 79680K, reserved 1179648K
  class space    used 9678K, committed 11072K, reserved 1048576K
}
Event: 9788.520 GC heap after
{Heap after GC invocations=130 (full 0):
 garbage-first heap   total 301056K, used 72578K [0x0000000704200000, 0x0000000800000000)
  region size 2048K, 1 young (2048K), 1 survivors (2048K)
 Metaspace       used 77734K, committed 79680K, reserved 1179648K
  class space    used 9678K, committed 11072K, reserved 1048576K
}
Event: 10250.041 GC heap before
{Heap before GC invocations=131 (full 0):
 garbage-first heap   total 280576K, used 213890K [0x0000000704200000, 0x0000000800000000)
  region size 2048K, 69 young (141312K), 1 survivors (2048K)
 Metaspace       used 77907K, committed 79808K, reserved 1179648K
  class space    used 9693K, committed 11072K, reserved 1048576K
}
Event: 10250.050 GC heap after
{Heap after GC invocations=132 (full 0):
 garbage-first heap   total 280576K, used 85444K [0x0000000704200000, 0x0000000800000000)
  region size 2048K, 7 young (14336K), 7 survivors (14336K)
 Metaspace       used 77907K, committed 79808K, reserved 1179648K
  class space    used 9693K, committed 11072K, reserved 1048576K
}
Event: 10250.075 GC heap before
{Heap before GC invocations=132 (full 0):
 garbage-first heap   total 280576K, used 87492K [0x0000000704200000, 0x0000000800000000)
  region size 2048K, 8 young (16384K), 7 survivors (14336K)
 Metaspace       used 77907K, committed 79808K, reserved 1179648K
  class space    used 9693K, committed 11072K, reserved 1048576K
}
Event: 10250.084 GC heap after
{Heap after GC invocations=133 (full 0):
 garbage-first heap   total 280576K, used 73703K [0x0000000704200000, 0x0000000800000000)
  region size 2048K, 1 young (2048K), 1 survivors (2048K)
 Metaspace       used 77907K, committed 79808K, reserved 1179648K
  class space    used 9693K, committed 11072K, reserved 1048576K
}
Event: 10251.408 GC heap before
{Heap before GC invocations=133 (full 0):
 garbage-first heap   total 280576K, used 198631K [0x0000000704200000, 0x0000000800000000)
  region size 2048K, 63 young (129024K), 1 survivors (2048K)
 Metaspace       used 79784K, committed 81472K, reserved 1179648K
  class space    used 9930K, committed 11072K, reserved 1048576K
}
Event: 10251.415 GC heap after
{Heap after GC invocations=134 (full 0):
 garbage-first heap   total 280576K, used 80807K [0x0000000704200000, 0x0000000800000000)
  region size 2048K, 5 young (10240K), 5 survivors (10240K)
 Metaspace       used 79784K, committed 81472K, reserved 1179648K
  class space    used 9930K, committed 11072K, reserved 1048576K
}
Event: 10252.382 GC heap before
{Heap before GC invocations=135 (full 0):
 garbage-first heap   total 280576K, used 203687K [0x0000000704200000, 0x0000000800000000)
  region size 2048K, 66 young (135168K), 5 survivors (10240K)
 Metaspace       used 83122K, committed 84480K, reserved 1179648K
  class space    used 10403K, committed 11072K, reserved 1048576K
}
Event: 10252.389 GC heap after
{Heap after GC invocations=136 (full 0):
 garbage-first heap   total 280576K, used 85300K [0x0000000704200000, 0x0000000800000000)
  region size 2048K, 7 young (14336K), 7 survivors (14336K)
 Metaspace       used 83122K, committed 84480K, reserved 1179648K
  class space    used 10403K, committed 11072K, reserved 1048576K
}
Event: 10252.401 GC heap before
{Heap before GC invocations=136 (full 0):
 garbage-first heap   total 280576K, used 87348K [0x0000000704200000, 0x0000000800000000)
  region size 2048K, 8 young (16384K), 7 survivors (14336K)
 Metaspace       used 83123K, committed 84480K, reserved 1179648K
  class space    used 10403K, committed 11072K, reserved 1048576K
}
Event: 10252.410 GC heap after
{Heap after GC invocations=137 (full 0):
 garbage-first heap   total 280576K, used 82545K [0x0000000704200000, 0x0000000800000000)
  region size 2048K, 1 young (2048K), 1 survivors (2048K)
 Metaspace       used 83123K, committed 84480K, reserved 1179648K
  class space    used 10403K, committed 11072K, reserved 1048576K
}
Event: 10252.768 GC heap before
{Heap before GC invocations=137 (full 0):
 garbage-first heap   total 280576K, used 209521K [0x0000000704200000, 0x0000000800000000)
  region size 2048K, 64 young (131072K), 1 survivors (2048K)
 Metaspace       used 83358K, committed 84672K, reserved 1179648K
  class space    used 10403K, committed 11072K, reserved 1048576K
}
Event: 10252.769 GC heap after
{Heap after GC invocations=138 (full 0):
 garbage-first heap   total 280576K, used 81887K [0x0000000704200000, 0x0000000800000000)
  region size 2048K, 1 young (2048K), 1 survivors (2048K)
 Metaspace       used 83358K, committed 84672K, reserved 1179648K
  class space    used 10403K, committed 11072K, reserved 1048576K
}
Event: 10261.202 GC heap before
{Heap before GC invocations=139 (full 0):
 garbage-first heap   total 280576K, used 212959K [0x0000000704200000, 0x0000000800000000)
  region size 2048K, 67 young (137216K), 1 survivors (2048K)
 Metaspace       used 86085K, committed 87360K, reserved 1179648K
  class space    used 10789K, committed 11392K, reserved 1048576K
}
Event: 10261.206 GC heap after
{Heap after GC invocations=140 (full 0):
 garbage-first heap   total 280576K, used 83794K [0x0000000704200000, 0x0000000800000000)
  region size 2048K, 3 young (6144K), 3 survivors (6144K)
 Metaspace       used 86085K, committed 87360K, reserved 1179648K
  class space    used 10789K, committed 11392K, reserved 1048576K
}
Event: 10261.227 GC heap before
{Heap before GC invocations=140 (full 0):
 garbage-first heap   total 280576K, used 87890K [0x0000000704200000, 0x0000000800000000)
  region size 2048K, 6 young (12288K), 3 survivors (6144K)
 Metaspace       used 86103K, committed 87360K, reserved 1179648K
  class space    used 10789K, committed 11392K, reserved 1048576K
}
Event: 10261.234 GC heap after
{Heap after GC invocations=141 (full 0):
 garbage-first heap   total 280576K, used 73617K [0x0000000704200000, 0x0000000800000000)
  region size 2048K, 1 young (2048K), 1 survivors (2048K)
 Metaspace       used 86103K, committed 87360K, reserved 1179648K
  class space    used 10789K, committed 11392K, reserved 1048576K
}
Event: 10261.662 GC heap before
{Heap before GC invocations=141 (full 0):
 garbage-first heap   total 280576K, used 216977K [0x0000000704200000, 0x0000000800000000)
  region size 2048K, 72 young (147456K), 1 survivors (2048K)
 Metaspace       used 86371K, committed 87616K, reserved 1179648K
  class space    used 10790K, committed 11392K, reserved 1048576K
}
Event: 10261.663 GC heap after
{Heap after GC invocations=142 (full 0):
 garbage-first heap   total 280576K, used 73285K [0x0000000704200000, 0x0000000800000000)
  region size 2048K, 1 young (2048K), 1 survivors (2048K)
 Metaspace       used 86371K, committed 87616K, reserved 1179648K
  class space    used 10790K, committed 11392K, reserved 1048576K
}

